Using pre-set license
Built from '2020.3/staging' branch; Version is '2020.3.26f1 (7298b473bc1a) revision 7510196'; Using compiler version '192528614'; Build Type 'Release'
OS: 'Windows 10  (10.0.19043) 64bit Core' Language: 'de' Physical Memory: 16269 MB
BatchMode: 1, IsHumanControllingUs: 0, StartBugReporterOnCrash: 0, Is64bit: 1, IsPro: 0

COMMAND LINE ARGUMENTS:
D:\2020.3.26f1\Editor\Unity.exe
-adb2
-batchMode
-noUpm
-name
AssetImportWorker0
-projectPath
C:/Users/laura/Desktop/Uni I Schule/_Uni Bayreuth/3. Semester/GGJ/GGJ22
-logFile
Logs/AssetImportWorker0.log
-srvPort
61088
Successfully changed project path to: C:/Users/laura/Desktop/Uni I Schule/_Uni Bayreuth/3. Semester/GGJ/GGJ22
C:/Users/laura/Desktop/Uni I Schule/_Uni Bayreuth/3. Semester/GGJ/GGJ22
Using Asset Import Pipeline V2.
Refreshing native plugins compatible for Editor in 87.51 ms, found 2 plugins.
Preloading 0 native plugins for Editor in 0.00 ms.
Initialize engine version: 2020.3.26f1 (7298b473bc1a)
[Subsystems] Discovering subsystems at path D:/2020.3.26f1/Editor/Data/Resources/UnitySubsystems
[Subsystems] Discovering subsystems at path C:/Users/laura/Desktop/Uni I Schule/_Uni Bayreuth/3. Semester/GGJ/GGJ22/Assets
GfxDevice: creating device client; threaded=0
Direct3D:
    Version:  Direct3D 11.0 [level 11.1]
    Renderer: NVIDIA GeForce GTX 1050 Ti (ID=0x1c8c)
    Vendor:   
    VRAM:     4018 MB
    Driver:   30.0.14.9709
Initialize mono
Mono path[0] = 'D:/2020.3.26f1/Editor/Data/Managed'
Mono path[1] = 'D:/2020.3.26f1/Editor/Data/MonoBleedingEdge/lib/mono/unityjit'
Mono config path = 'D:/2020.3.26f1/Editor/Data/MonoBleedingEdge/etc'
Using monoOptions --debugger-agent=transport=dt_socket,embedding=1,server=y,suspend=n,address=127.0.0.1:56940
Begin MonoManager ReloadAssembly
Registering precompiled unity dll's ...
Register platform support module: D:/2020.3.26f1/Editor/Data/PlaybackEngines/WindowsStandaloneSupport/UnityEditor.WindowsStandalone.Extensions.dll
Registered in 0.001829 seconds.
Native extension for WindowsStandalone target not found
Refreshing native plugins compatible for Editor in 75.29 ms, found 2 plugins.
Preloading 0 native plugins for Editor in 0.00 ms.
Mono: successfully reloaded assembly
- Completed reload, in  0.809 seconds
Domain Reload Profiling:
	ReloadAssembly (809ms)
		BeginReloadAssembly (66ms)
			ExecutionOrderSort (0ms)
			DisableScriptedObjects (0ms)
			BackupInstance (0ms)
			ReleaseScriptingObjects (0ms)
			CreateAndSetChildDomain (1ms)
		EndReloadAssembly (658ms)
			LoadAssemblies (65ms)
			RebuildTransferFunctionScriptingTraits (0ms)
			SetupTypeCache (204ms)
			ReleaseScriptCaches (0ms)
			RebuildScriptCaches (52ms)
			SetupLoadedEditorAssemblies (270ms)
				LogAssemblyErrors (0ms)
				InitializePlatformSupportModulesInManaged (7ms)
				SetLoadedEditorAssemblies (0ms)
				RefreshPlugins (75ms)
				BeforeProcessingInitializeOnLoad (21ms)
				ProcessInitializeOnLoadAttributes (124ms)
				ProcessInitializeOnLoadMethodAttributes (41ms)
				AfterProcessingInitializeOnLoad (0ms)
				EditorAssembliesLoaded (0ms)
			ExecutionOrderSort2 (0ms)
			AwakeInstancesAfterBackupRestoration (0ms)
Platform modules already initialized, skipping
Registering precompiled user dll's ...
Registered in 0.008944 seconds.
Begin MonoManager ReloadAssembly
Native extension for WindowsStandalone target not found
Refreshing native plugins compatible for Editor in 88.07 ms, found 2 plugins.
Preloading 0 native plugins for Editor in 0.00 ms.
Mono: successfully reloaded assembly
- Completed reload, in  1.746 seconds
Domain Reload Profiling:
	ReloadAssembly (1747ms)
		BeginReloadAssembly (186ms)
			ExecutionOrderSort (0ms)
			DisableScriptedObjects (5ms)
			BackupInstance (0ms)
			ReleaseScriptingObjects (0ms)
			CreateAndSetChildDomain (21ms)
		EndReloadAssembly (1468ms)
			LoadAssemblies (147ms)
			RebuildTransferFunctionScriptingTraits (0ms)
			SetupTypeCache (517ms)
			ReleaseScriptCaches (1ms)
			RebuildScriptCaches (68ms)
			SetupLoadedEditorAssemblies (587ms)
				LogAssemblyErrors (0ms)
				InitializePlatformSupportModulesInManaged (5ms)
				SetLoadedEditorAssemblies (0ms)
				RefreshPlugins (88ms)
				BeforeProcessingInitializeOnLoad (133ms)
				ProcessInitializeOnLoadAttributes (346ms)
				ProcessInitializeOnLoadMethodAttributes (12ms)
				AfterProcessingInitializeOnLoad (3ms)
				EditorAssembliesLoaded (0ms)
			ExecutionOrderSort2 (0ms)
			AwakeInstancesAfterBackupRestoration (7ms)
Platform modules already initialized, skipping
========================================================================
Worker process is ready to serve import requests
Launched and connected shader compiler UnityShaderCompiler.exe after 0.12 seconds
Refreshing native plugins compatible for Editor in 1.42 ms, found 2 plugins.
Preloading 0 native plugins for Editor in 0.00 ms.
Unloading 3298 Unused Serialized files (Serialized files now loaded: 0)
System memory in use before: 140.7 MB.
System memory in use after: 140.9 MB.

Unloading 23 unused Assets to reduce memory usage. Loaded Objects now: 3729.
Total: 8.426100 ms (FindLiveObjects: 0.518200 ms CreateObjectMapping: 0.389100 ms MarkObjects: 7.352800 ms  DeleteObjects: 0.164300 ms)

AssetImportParameters requested are different than current active one (requested -> active):
  custom:framework-win-MediaFoundation: 216162199b28c13a410421893ffa2e32 -> 
  custom:video-decoder-ogg-theora: a1e56fd34408186e4bbccfd4996cb3dc -> 
  custom:container-muxer-webm: aa71ff27fc2769a1b78a27578f13a17b -> 
  custom:container-demuxer-webm: 4f35f7cbe854078d1ac9338744f61a02 -> 
  custom:container-demuxer-ogg: 62fdf1f143b41e24485cea50d1cbac27 -> 
  custom:video-encoder-webm-vp8: eb34c28f22e8b96e1ab97ce403110664 -> 
  custom:video-codec-MediaFoundation-h265: 746d11721c4dcdbdad8f713fa42b33f4 -> 
  custom:video-decoder-webm-vp8: 9c59270c3fd7afecdb556c50c9e8de78 -> 
  custom:audio-decoder-ogg-vorbis: bf7c407c2cedff20999df2af8eb42d56 -> 
  custom:audio-encoder-webm-vorbis: bf7c407c2cedff20999df2af8eb42d56 -> 
========================================================================
Received Import Request.
  path: Assets/GameInput.inputactions
  artifactKey: Guid(44cd094519374bc4586cd775c87eb89d) Importer(815301076,1909f56bfc062723c751e8b465ee728b)
Start importing Assets/GameInput.inputactions using Guid(44cd094519374bc4586cd775c87eb89d) Importer(815301076,1909f56bfc062723c751e8b465ee728b)  -> (artifact id: '306afae4ca6bf1515115074938cc8c5d') in 0.076289 seconds 
  Import took 0.086172 seconds .

========================================================================
Received Import Request.
  Time since last request: 0.000412 seconds.
  path: Assets/Scenes/Game.unity
  artifactKey: Guid(019df248a6a546947b0c7fc6d18b7370) Importer(815301076,1909f56bfc062723c751e8b465ee728b)
Start importing Assets/Scenes/Game.unity using Guid(019df248a6a546947b0c7fc6d18b7370) Importer(815301076,1909f56bfc062723c751e8b465ee728b)  -> (artifact id: 'af96609da6a6e4bec514aea8d9961b46') in 0.006316 seconds 
  Import took 0.015772 seconds .

========================================================================
Received Import Request.
  Time since last request: 0.000273 seconds.
  path: Assets/Scenes
  artifactKey: Guid(cf99d0823040cdd45acf6806b98b1824) Importer(815301076,1909f56bfc062723c751e8b465ee728b)
Start importing Assets/Scenes using Guid(cf99d0823040cdd45acf6806b98b1824) Importer(815301076,1909f56bfc062723c751e8b465ee728b)  -> (artifact id: 'd8c4530698f3a5acb9f0684e139d6207') in 0.004227 seconds 
  Import took 0.011000 seconds .

========================================================================
Received Import Request.
  Time since last request: 45.078021 seconds.
  path: Assets
  artifactKey: Guid(00000000000000001000000000000000) Importer(815301076,1909f56bfc062723c751e8b465ee728b)
Start importing Assets using Guid(00000000000000001000000000000000) Importer(815301076,1909f56bfc062723c751e8b465ee728b)  -> (artifact id: '42d402b061de3733987d63b9cc3b64de') in 0.004991 seconds 
  Import took 0.012757 seconds .

========================================================================
Received Prepare
Registering precompiled user dll's ...
Registered in 0.009467 seconds.
Begin MonoManager ReloadAssembly
Native extension for WindowsStandalone target not found
Refreshing native plugins compatible for Editor in 0.68 ms, found 2 plugins.
Preloading 0 native plugins for Editor in 0.00 ms.
Mono: successfully reloaded assembly
- Completed reload, in  1.427 seconds
Domain Reload Profiling:
	ReloadAssembly (1428ms)
		BeginReloadAssembly (141ms)
			ExecutionOrderSort (0ms)
			DisableScriptedObjects (5ms)
			BackupInstance (0ms)
			ReleaseScriptingObjects (0ms)
			CreateAndSetChildDomain (44ms)
		EndReloadAssembly (1212ms)
			LoadAssemblies (126ms)
			RebuildTransferFunctionScriptingTraits (0ms)
			SetupTypeCache (434ms)
			ReleaseScriptCaches (1ms)
			RebuildScriptCaches (54ms)
			SetupLoadedEditorAssemblies (442ms)
				LogAssemblyErrors (0ms)
				InitializePlatformSupportModulesInManaged (4ms)
				SetLoadedEditorAssemblies (1ms)
				RefreshPlugins (1ms)
				BeforeProcessingInitializeOnLoad (107ms)
				ProcessInitializeOnLoadAttributes (311ms)
				ProcessInitializeOnLoadMethodAttributes (15ms)
				AfterProcessingInitializeOnLoad (3ms)
				EditorAssembliesLoaded (0ms)
			ExecutionOrderSort2 (0ms)
			AwakeInstancesAfterBackupRestoration (13ms)
Platform modules already initialized, skipping
Refreshing native plugins compatible for Editor in 1.01 ms, found 2 plugins.
Preloading 0 native plugins for Editor in 0.00 ms.
Unloading 3189 Unused Serialized files (Serialized files now loaded: 0)
System memory in use before: 133.8 MB.
System memory in use after: 134.0 MB.

Unloading 16 unused Assets to reduce memory usage. Loaded Objects now: 3731.
Total: 4.571000 ms (FindLiveObjects: 0.480700 ms CreateObjectMapping: 0.448200 ms MarkObjects: 3.607200 ms  DeleteObjects: 0.033400 ms)

AssetImportParameters requested are different than current active one (requested -> active):
  custom:framework-win-MediaFoundation: 216162199b28c13a410421893ffa2e32 -> 
  custom:video-decoder-ogg-theora: a1e56fd34408186e4bbccfd4996cb3dc -> 
  custom:container-muxer-webm: aa71ff27fc2769a1b78a27578f13a17b -> 
  custom:container-demuxer-webm: 4f35f7cbe854078d1ac9338744f61a02 -> 
  custom:container-demuxer-ogg: 62fdf1f143b41e24485cea50d1cbac27 -> 
  custom:video-encoder-webm-vp8: eb34c28f22e8b96e1ab97ce403110664 -> 
  custom:video-codec-MediaFoundation-h265: 746d11721c4dcdbdad8f713fa42b33f4 -> 
  custom:video-decoder-webm-vp8: 9c59270c3fd7afecdb556c50c9e8de78 -> 
  custom:audio-decoder-ogg-vorbis: bf7c407c2cedff20999df2af8eb42d56 -> 
  custom:audio-encoder-webm-vorbis: bf7c407c2cedff20999df2af8eb42d56 -> 
========================================================================
Received Import Request.
  Time since last request: 9.030468 seconds.
  path: Assets/Sprites
  artifactKey: Guid(9d236ff5783c1834fa61cc8249c39cb9) Importer(815301076,1909f56bfc062723c751e8b465ee728b)
Start importing Assets/Sprites using Guid(9d236ff5783c1834fa61cc8249c39cb9) Importer(815301076,1909f56bfc062723c751e8b465ee728b)  -> (artifact id: '4176fcf88d242151478d0539b14e0610') in 0.008910 seconds 
  Import took 0.015488 seconds .

========================================================================
Received Import Request.
  Time since last request: 48.292178 seconds.
  path: Assets/Sprites/Zeichenfläche 1 Kopie.png
  artifactKey: Guid(ede36a44f3548d84180eeb80aaa871ee) Importer(815301076,1909f56bfc062723c751e8b465ee728b)
Start importing Assets/Sprites/Zeichenfläche 1 Kopie.png using Guid(ede36a44f3548d84180eeb80aaa871ee) Importer(815301076,1909f56bfc062723c751e8b465ee728b)  -> (artifact id: '48e3f62507584a5e49ec99dc14737825') in 0.082846 seconds 
  Import took 0.090591 seconds .

========================================================================
Received Import Request.
  Time since last request: 165.188964 seconds.
  path: Assets/Presets/Defaults/AlbedoTexture_Default.preset
  artifactKey: Guid(e8537455c6c08bd4e8bf0be3707da685) Importer(815301076,1909f56bfc062723c751e8b465ee728b)
Start importing Assets/Presets/Defaults/AlbedoTexture_Default.preset using Guid(e8537455c6c08bd4e8bf0be3707da685) Importer(815301076,1909f56bfc062723c751e8b465ee728b)  -> (artifact id: 'a39f5c6fcb9ea97bf434963b23d33ea7') in 0.008133 seconds 
  Import took 0.014452 seconds .

========================================================================
Received Import Request.
  Time since last request: 0.002147 seconds.
  path: Assets/Presets/NormalTexture.preset
  artifactKey: Guid(14a57cf3b9fa1c74b884aa7e0dcf1faa) Importer(815301076,1909f56bfc062723c751e8b465ee728b)
Start importing Assets/Presets/NormalTexture.preset using Guid(14a57cf3b9fa1c74b884aa7e0dcf1faa) Importer(815301076,1909f56bfc062723c751e8b465ee728b)  -> (artifact id: '9c195482fc53bc4f53f643643f636469') in 0.006016 seconds 
  Import took 0.014648 seconds .

========================================================================
Received Import Request.
  Time since last request: 0.000410 seconds.
  path: Assets/Presets/UtilityTexture.preset
  artifactKey: Guid(45f7b2e3c78185248b3adbb14429c2ab) Importer(815301076,1909f56bfc062723c751e8b465ee728b)
Start importing Assets/Presets/UtilityTexture.preset using Guid(45f7b2e3c78185248b3adbb14429c2ab) Importer(815301076,1909f56bfc062723c751e8b465ee728b)  -> (artifact id: 'e8036b8f09e598597dbda508706733cf') in 0.005907 seconds 
  Import took 0.011603 seconds .

========================================================================
Received Import Request.
  Time since last request: 225.427849 seconds.
  path: Assets/Sprites/Zeichenfläche 1 Kopie.png
  artifactKey: Guid(ede36a44f3548d84180eeb80aaa871ee) Importer(815301076,1909f56bfc062723c751e8b465ee728b)
Start importing Assets/Sprites/Zeichenfläche 1 Kopie.png using Guid(ede36a44f3548d84180eeb80aaa871ee) Importer(815301076,1909f56bfc062723c751e8b465ee728b)  -> (artifact id: 'f142c063775c716475f03a3f9141225a') in 0.030809 seconds 
  Import took 0.038699 seconds .

========================================================================
Received Prepare
Registering precompiled user dll's ...
Registered in 0.007882 seconds.
Begin MonoManager ReloadAssembly
Native extension for WindowsStandalone target not found
Refreshing native plugins compatible for Editor in 0.60 ms, found 2 plugins.
Preloading 0 native plugins for Editor in 0.00 ms.
Mono: successfully reloaded assembly
- Completed reload, in  1.539 seconds
Domain Reload Profiling:
	ReloadAssembly (1540ms)
		BeginReloadAssembly (192ms)
			ExecutionOrderSort (0ms)
			DisableScriptedObjects (9ms)
			BackupInstance (0ms)
			ReleaseScriptingObjects (0ms)
			CreateAndSetChildDomain (68ms)
		EndReloadAssembly (1241ms)
			LoadAssemblies (152ms)
			RebuildTransferFunctionScriptingTraits (0ms)
			SetupTypeCache (445ms)
			ReleaseScriptCaches (1ms)
			RebuildScriptCaches (52ms)
			SetupLoadedEditorAssemblies (469ms)
				LogAssemblyErrors (0ms)
				InitializePlatformSupportModulesInManaged (4ms)
				SetLoadedEditorAssemblies (1ms)
				RefreshPlugins (1ms)
				BeforeProcessingInitializeOnLoad (118ms)
				ProcessInitializeOnLoadAttributes (328ms)
				ProcessInitializeOnLoadMethodAttributes (16ms)
				AfterProcessingInitializeOnLoad (3ms)
				EditorAssembliesLoaded (0ms)
			ExecutionOrderSort2 (0ms)
			AwakeInstancesAfterBackupRestoration (15ms)
Platform modules already initialized, skipping
Refreshing native plugins compatible for Editor in 0.61 ms, found 2 plugins.
Preloading 0 native plugins for Editor in 0.00 ms.
Unloading 3223 Unused Serialized files (Serialized files now loaded: 0)
System memory in use before: 136.8 MB.
System memory in use after: 137.1 MB.

Unloading 16 unused Assets to reduce memory usage. Loaded Objects now: 3770.
Total: 3.490500 ms (FindLiveObjects: 0.268700 ms CreateObjectMapping: 0.154000 ms MarkObjects: 3.048100 ms  DeleteObjects: 0.018600 ms)

AssetImportParameters requested are different than current active one (requested -> active):
  custom:framework-win-MediaFoundation: 216162199b28c13a410421893ffa2e32 -> 
  custom:video-decoder-ogg-theora: a1e56fd34408186e4bbccfd4996cb3dc -> 
  custom:container-muxer-webm: aa71ff27fc2769a1b78a27578f13a17b -> 
  custom:container-demuxer-webm: 4f35f7cbe854078d1ac9338744f61a02 -> 
  custom:container-demuxer-ogg: 62fdf1f143b41e24485cea50d1cbac27 -> 
  custom:video-encoder-webm-vp8: eb34c28f22e8b96e1ab97ce403110664 -> 
  custom:video-codec-MediaFoundation-h265: 746d11721c4dcdbdad8f713fa42b33f4 -> 
  custom:video-decoder-webm-vp8: 9c59270c3fd7afecdb556c50c9e8de78 -> 
  custom:audio-decoder-ogg-vorbis: bf7c407c2cedff20999df2af8eb42d56 -> 
  custom:audio-encoder-webm-vorbis: bf7c407c2cedff20999df2af8eb42d56 -> 
========================================================================
Received Import Request.
  Time since last request: 272.214687 seconds.
  path: Assets/Sprites/Zeichenfläche 1 Kopie.png
  artifactKey: Guid(ede36a44f3548d84180eeb80aaa871ee) Importer(815301076,1909f56bfc062723c751e8b465ee728b)
Start importing Assets/Sprites/Zeichenfläche 1 Kopie.png using Guid(ede36a44f3548d84180eeb80aaa871ee) Importer(815301076,1909f56bfc062723c751e8b465ee728b)  -> (artifact id: '8a114206482dd2c029266e3935f9ca6a') in 0.161291 seconds 
  Import took 0.170283 seconds .

========================================================================
Received Import Request.
  Time since last request: 132.029318 seconds.
  path: Assets/Sprites/Zeichenfläche 1 Kopie.png
  artifactKey: Guid(ede36a44f3548d84180eeb80aaa871ee) Importer(815301076,1909f56bfc062723c751e8b465ee728b)
Start importing Assets/Sprites/Zeichenfläche 1 Kopie.png using Guid(ede36a44f3548d84180eeb80aaa871ee) Importer(815301076,1909f56bfc062723c751e8b465ee728b)  -> (artifact id: '111e1dc60dac9419fceeb5f6fb5f3e2c') in 0.048806 seconds 
  Import took 0.056122 seconds .

========================================================================
Received Import Request.
  Time since last request: 3422.342453 seconds.
  path: Assets/Prefabs/Collectible.prefab
  artifactKey: Guid(9741f48aed5f04645b2f2cfd7e3bd7f3) Importer(815301076,1909f56bfc062723c751e8b465ee728b)
Start importing Assets/Prefabs/Collectible.prefab using Guid(9741f48aed5f04645b2f2cfd7e3bd7f3) Importer(815301076,1909f56bfc062723c751e8b465ee728b)  -> (artifact id: 'ed2a897e6ad07e54a221140b27f2e71d') in 0.401371 seconds 
  Import took 0.438358 seconds .

========================================================================
Received Import Request.
  Time since last request: 0.000371 seconds.
  path: Assets/Prefabs/Hazard.prefab
  artifactKey: Guid(bdc135bf4a1a2e14f8c871c3d03b2d22) Importer(815301076,1909f56bfc062723c751e8b465ee728b)
Start importing Assets/Prefabs/Hazard.prefab using Guid(bdc135bf4a1a2e14f8c871c3d03b2d22) Importer(815301076,1909f56bfc062723c751e8b465ee728b)  -> (artifact id: '43e845614dacf0077c2e3e80d13fa58c') in 0.397225 seconds 
  Import took 0.402272 seconds .

========================================================================
Received Import Request.
  Time since last request: 2.377945 seconds.
  path: Assets/Prefabs/Bob.prefab
  artifactKey: Guid(cf60ddb99926e1448a272103b612cede) Importer(815301076,1909f56bfc062723c751e8b465ee728b)
Start importing Assets/Prefabs/Bob.prefab using Guid(cf60ddb99926e1448a272103b612cede) Importer(815301076,1909f56bfc062723c751e8b465ee728b)  -> (artifact id: '4f7f4e4b19dfbfc11605e633f83ab7a5') in 0.153002 seconds 
  Import took 0.159374 seconds .

========================================================================
Received Import Request.
  Time since last request: 85.866204 seconds.
  path: Assets/Presets
  artifactKey: Guid(558255460b74ec04fa70b5570e9327bd) Importer(815301076,1909f56bfc062723c751e8b465ee728b)
Start importing Assets/Presets using Guid(558255460b74ec04fa70b5570e9327bd) Importer(815301076,1909f56bfc062723c751e8b465ee728b)  -> (artifact id: 'e1966229f3d7993f283b578bcf544b58') in 0.004059 seconds 
  Import took 0.011011 seconds .

========================================================================
Received Import Request.
  Time since last request: 1.139809 seconds.
  path: Assets/Prefabs
  artifactKey: Guid(c5f31cc66aebca14490fe0a616def26b) Importer(815301076,1909f56bfc062723c751e8b465ee728b)
Start importing Assets/Prefabs using Guid(c5f31cc66aebca14490fe0a616def26b) Importer(815301076,1909f56bfc062723c751e8b465ee728b)  -> (artifact id: '825ca0ddf326993e9e9e2c3428c5a42f') in 0.004405 seconds 
  Import took 0.011278 seconds .

========================================================================
Received Import Request.
  Time since last request: 5.463475 seconds.
  path: Assets/Prefabs/Bob 1.prefab
  artifactKey: Guid(1b7d0fd3468f8ed43b9386a97484977f) Importer(815301076,1909f56bfc062723c751e8b465ee728b)
Start importing Assets/Prefabs/Bob 1.prefab using Guid(1b7d0fd3468f8ed43b9386a97484977f) Importer(815301076,1909f56bfc062723c751e8b465ee728b)  -> (artifact id: '354b6977208ac07606386fb5104a16f0') in 0.023721 seconds 
  Import took 0.031431 seconds .

========================================================================
Received Import Request.
  Time since last request: 6.475659 seconds.
  path: Assets/Prefabs/Bob_2.prefab
  artifactKey: Guid(1b7d0fd3468f8ed43b9386a97484977f) Importer(815301076,1909f56bfc062723c751e8b465ee728b)
Start importing Assets/Prefabs/Bob_2.prefab using Guid(1b7d0fd3468f8ed43b9386a97484977f) Importer(815301076,1909f56bfc062723c751e8b465ee728b)  -> (artifact id: 'a0ce7e01d3b23fbcdbcd5e4c0a2f04cc') in 0.023630 seconds 
  Import took 0.031748 seconds .

========================================================================
Received Import Request.
  Time since last request: 35.582742 seconds.
  path: Assets/Settings/ForwardRenderer.asset
  artifactKey: Guid(4a8e21d5c33334b11b34a596161b9360) Importer(815301076,1909f56bfc062723c751e8b465ee728b)
Start importing Assets/Settings/ForwardRenderer.asset using Guid(4a8e21d5c33334b11b34a596161b9360) Importer(815301076,1909f56bfc062723c751e8b465ee728b)  -> (artifact id: 'fd4bee02f0291389c3517910503f4b22') in 0.006257 seconds 
  Import took 0.011645 seconds .

========================================================================
Received Import Request.
  Time since last request: 0.264522 seconds.
  path: Assets/Settings/GameSceneProfile.asset
  artifactKey: Guid(10fc4df2da32a41aaa32d77bc913491c) Importer(815301076,1909f56bfc062723c751e8b465ee728b)
Start importing Assets/Settings/GameSceneProfile.asset using Guid(10fc4df2da32a41aaa32d77bc913491c) Importer(815301076,1909f56bfc062723c751e8b465ee728b)  -> (artifact id: 'd4956c75ab46320c851381bd1b13e3e4') in 0.008306 seconds 
  Import took 0.015424 seconds .

========================================================================
Received Import Request.
  Time since last request: 0.000740 seconds.
  path: Assets/Settings/UniversalRP-LowQuality.asset
  artifactKey: Guid(a31e9f9f9c9d4b9429ed0d1234e22103) Importer(815301076,1909f56bfc062723c751e8b465ee728b)
Start importing Assets/Settings/UniversalRP-LowQuality.asset using Guid(a31e9f9f9c9d4b9429ed0d1234e22103) Importer(815301076,1909f56bfc062723c751e8b465ee728b)  -> (artifact id: 'b226a0bb157262eadf686f6bb5b5f1f8') in 0.006078 seconds 
  Import took 0.012774 seconds .

========================================================================
Received Import Request.
  Time since last request: 0.000331 seconds.
  path: Assets/Settings/UniversalRP-MediumQuality.asset
  artifactKey: Guid(d847b876476d3d6468f5dfcd34266f96) Importer(815301076,1909f56bfc062723c751e8b465ee728b)
Start importing Assets/Settings/UniversalRP-MediumQuality.asset using Guid(d847b876476d3d6468f5dfcd34266f96) Importer(815301076,1909f56bfc062723c751e8b465ee728b)  -> (artifact id: 'd421f548a6507a11f25ec3578746e9c1') in 0.006859 seconds 
  Import took 0.015961 seconds .

========================================================================
Received Import Request.
  Time since last request: 0.000552 seconds.
  path: Assets/Settings/UniversalRP-HighQuality.asset
  artifactKey: Guid(19ba41d7c0026c3459d37c2fe90c55a0) Importer(815301076,1909f56bfc062723c751e8b465ee728b)
Start importing Assets/Settings/UniversalRP-HighQuality.asset using Guid(19ba41d7c0026c3459d37c2fe90c55a0) Importer(815301076,1909f56bfc062723c751e8b465ee728b)  -> (artifact id: '02e18c1f933b70f494440bf5e7626866') in 0.005555 seconds 
  Import took 0.013091 seconds .

========================================================================
Received Prepare
Registering precompiled user dll's ...
Registered in 0.007577 seconds.
Begin MonoManager ReloadAssembly
Native extension for WindowsStandalone target not found
Refreshing native plugins compatible for Editor in 0.59 ms, found 2 plugins.
Preloading 0 native plugins for Editor in 0.00 ms.
Mono: successfully reloaded assembly
- Completed reload, in  1.447 seconds
Domain Reload Profiling:
	ReloadAssembly (1448ms)
		BeginReloadAssembly (249ms)
			ExecutionOrderSort (0ms)
			DisableScriptedObjects (12ms)
			BackupInstance (0ms)
			ReleaseScriptingObjects (0ms)
			CreateAndSetChildDomain (122ms)
		EndReloadAssembly (1134ms)
			LoadAssemblies (124ms)
			RebuildTransferFunctionScriptingTraits (0ms)
			SetupTypeCache (410ms)
			ReleaseScriptCaches (1ms)
			RebuildScriptCaches (47ms)
			SetupLoadedEditorAssemblies (381ms)
				LogAssemblyErrors (0ms)
				InitializePlatformSupportModulesInManaged (4ms)
				SetLoadedEditorAssemblies (1ms)
				RefreshPlugins (1ms)
				BeforeProcessingInitializeOnLoad (100ms)
				ProcessInitializeOnLoadAttributes (264ms)
				ProcessInitializeOnLoadMethodAttributes (9ms)
				AfterProcessingInitializeOnLoad (2ms)
				EditorAssembliesLoaded (0ms)
			ExecutionOrderSort2 (0ms)
			AwakeInstancesAfterBackupRestoration (18ms)
Platform modules already initialized, skipping
Refreshing native plugins compatible for Editor in 0.65 ms, found 2 plugins.
Preloading 0 native plugins for Editor in 0.00 ms.
Unloading 3225 Unused Serialized files (Serialized files now loaded: 0)
System memory in use before: 142.3 MB.
System memory in use after: 142.5 MB.

Unloading 16 unused Assets to reduce memory usage. Loaded Objects now: 3841.
Total: 4.723200 ms (FindLiveObjects: 0.492000 ms CreateObjectMapping: 0.323100 ms MarkObjects: 3.859100 ms  DeleteObjects: 0.047800 ms)

AssetImportParameters requested are different than current active one (requested -> active):
  custom:framework-win-MediaFoundation: 216162199b28c13a410421893ffa2e32 -> 
  custom:video-decoder-ogg-theora: a1e56fd34408186e4bbccfd4996cb3dc -> 
  custom:container-muxer-webm: aa71ff27fc2769a1b78a27578f13a17b -> 
  custom:container-demuxer-webm: 4f35f7cbe854078d1ac9338744f61a02 -> 
  custom:container-demuxer-ogg: 62fdf1f143b41e24485cea50d1cbac27 -> 
  custom:video-encoder-webm-vp8: eb34c28f22e8b96e1ab97ce403110664 -> 
  custom:video-codec-MediaFoundation-h265: 746d11721c4dcdbdad8f713fa42b33f4 -> 
  custom:video-decoder-webm-vp8: 9c59270c3fd7afecdb556c50c9e8de78 -> 
  custom:audio-decoder-ogg-vorbis: bf7c407c2cedff20999df2af8eb42d56 -> 
  custom:audio-encoder-webm-vorbis: bf7c407c2cedff20999df2af8eb42d56 -> 
========================================================================
Received Import Request.
  Time since last request: 347.405553 seconds.
  path: Assets/Animation/GameObject.controller
  artifactKey: Guid(1eb6d78d11f46d44b8b335b358c72229) Importer(815301076,1909f56bfc062723c751e8b465ee728b)
Start importing Assets/Animation/GameObject.controller using Guid(1eb6d78d11f46d44b8b335b358c72229) Importer(815301076,1909f56bfc062723c751e8b465ee728b)  -> (artifact id: '4ae2f2fe6be52550ff1b6789246ada06') in 0.042379 seconds 
  Import took 0.050136 seconds .

========================================================================
Received Prepare
Registering precompiled user dll's ...
Registered in 0.007210 seconds.
Begin MonoManager ReloadAssembly
Native extension for WindowsStandalone target not found
Refreshing native plugins compatible for Editor in 0.65 ms, found 2 plugins.
Preloading 0 native plugins for Editor in 0.00 ms.
Mono: successfully reloaded assembly
- Completed reload, in  1.193 seconds
Domain Reload Profiling:
	ReloadAssembly (1194ms)
		BeginReloadAssembly (127ms)
			ExecutionOrderSort (0ms)
			DisableScriptedObjects (6ms)
			BackupInstance (0ms)
			ReleaseScriptingObjects (0ms)
			CreateAndSetChildDomain (40ms)
		EndReloadAssembly (1003ms)
			LoadAssemblies (106ms)
			RebuildTransferFunctionScriptingTraits (0ms)
			SetupTypeCache (351ms)
			ReleaseScriptCaches (1ms)
			RebuildScriptCaches (45ms)
			SetupLoadedEditorAssemblies (355ms)
				LogAssemblyErrors (0ms)
				InitializePlatformSupportModulesInManaged (3ms)
				SetLoadedEditorAssemblies (1ms)
				RefreshPlugins (1ms)
				BeforeProcessingInitializeOnLoad (94ms)
				ProcessInitializeOnLoadAttributes (245ms)
				ProcessInitializeOnLoadMethodAttributes (9ms)
				AfterProcessingInitializeOnLoad (3ms)
				EditorAssembliesLoaded (0ms)
			ExecutionOrderSort2 (0ms)
			AwakeInstancesAfterBackupRestoration (16ms)
Platform modules already initialized, skipping
Refreshing native plugins compatible for Editor in 0.61 ms, found 2 plugins.
Preloading 0 native plugins for Editor in 0.00 ms.
Unloading 3223 Unused Serialized files (Serialized files now loaded: 0)
System memory in use before: 142.3 MB.
System memory in use after: 142.5 MB.

Unloading 16 unused Assets to reduce memory usage. Loaded Objects now: 3843.
Total: 3.717500 ms (FindLiveObjects: 0.260400 ms CreateObjectMapping: 0.123300 ms MarkObjects: 3.284900 ms  DeleteObjects: 0.047900 ms)

AssetImportParameters requested are different than current active one (requested -> active):
  custom:framework-win-MediaFoundation: 216162199b28c13a410421893ffa2e32 -> 
  custom:video-decoder-ogg-theora: a1e56fd34408186e4bbccfd4996cb3dc -> 
  custom:container-muxer-webm: aa71ff27fc2769a1b78a27578f13a17b -> 
  custom:container-demuxer-webm: 4f35f7cbe854078d1ac9338744f61a02 -> 
  custom:container-demuxer-ogg: 62fdf1f143b41e24485cea50d1cbac27 -> 
  custom:video-encoder-webm-vp8: eb34c28f22e8b96e1ab97ce403110664 -> 
  custom:video-codec-MediaFoundation-h265: 746d11721c4dcdbdad8f713fa42b33f4 -> 
  custom:video-decoder-webm-vp8: 9c59270c3fd7afecdb556c50c9e8de78 -> 
  custom:audio-decoder-ogg-vorbis: bf7c407c2cedff20999df2af8eb42d56 -> 
  custom:audio-encoder-webm-vorbis: bf7c407c2cedff20999df2af8eb42d56 -> 
========================================================================
Received Import Request.
  Time since last request: 348.643298 seconds.
  path: Assets/cycle.png
  artifactKey: Guid(aab680beee514fd4e8b05e2820434280) Importer(815301076,1909f56bfc062723c751e8b465ee728b)
Start importing Assets/cycle.png using Guid(aab680beee514fd4e8b05e2820434280) Importer(815301076,1909f56bfc062723c751e8b465ee728b)  -> (artifact id: 'd29b56305e570e99f06076268e4a9578') in 0.062462 seconds 
  Import took 0.068839 seconds .

========================================================================
Received Import Request.
  Time since last request: 1.763724 seconds.
  path: Assets/Presets/AudioCompressedInMemory.preset
  artifactKey: Guid(2dd802e4d37c65149922028d3e973832) Importer(815301076,1909f56bfc062723c751e8b465ee728b)
Start importing Assets/Presets/AudioCompressedInMemory.preset using Guid(2dd802e4d37c65149922028d3e973832) Importer(815301076,1909f56bfc062723c751e8b465ee728b)  -> (artifact id: 'ac4de02398cfe62c06251b0f50233ebf') in 0.005936 seconds 
  Import took 0.013672 seconds .

========================================================================
Received Import Request.
  Time since last request: 0.000386 seconds.
  path: Assets/Presets/AudioStreaming.preset
  artifactKey: Guid(86bcce7f5575b54408aa0f3a7d321039) Importer(815301076,1909f56bfc062723c751e8b465ee728b)
Start importing Assets/Presets/AudioStreaming.preset using Guid(86bcce7f5575b54408aa0f3a7d321039) Importer(815301076,1909f56bfc062723c751e8b465ee728b)  -> (artifact id: '9982fbd60bc57b892b2c54d34a0163c0') in 0.005552 seconds 
  Import took 0.012810 seconds .

========================================================================
Received Import Request.
  Time since last request: 5.786236 seconds.
  path: Assets/Prefabs/Bob_2.prefab
  artifactKey: Guid(1b7d0fd3468f8ed43b9386a97484977f) Importer(815301076,1909f56bfc062723c751e8b465ee728b)
Start importing Assets/Prefabs/Bob_2.prefab using Guid(1b7d0fd3468f8ed43b9386a97484977f) Importer(815301076,1909f56bfc062723c751e8b465ee728b)  -> (artifact id: '24720e19cb24da533b2d761ec583397a') in 0.154479 seconds 
  Import took 0.160817 seconds .

========================================================================
Received Import Request.
  Time since last request: 0.000366 seconds.
  path: Assets/Prefabs/Collectible.prefab
  artifactKey: Guid(9741f48aed5f04645b2f2cfd7e3bd7f3) Importer(815301076,1909f56bfc062723c751e8b465ee728b)
Start importing Assets/Prefabs/Collectible.prefab using Guid(9741f48aed5f04645b2f2cfd7e3bd7f3) Importer(815301076,1909f56bfc062723c751e8b465ee728b)  -> (artifact id: '08a89bfeba77b7473f858827978472ec') in 0.017025 seconds 
  Import took 0.023794 seconds .

========================================================================
Received Import Request.
  Time since last request: 15.007864 seconds.
  path: Assets/Animation
  artifactKey: Guid(f4dde032492d1b54098a55bab5e7db44) Importer(815301076,1909f56bfc062723c751e8b465ee728b)
Start importing Assets/Animation using Guid(f4dde032492d1b54098a55bab5e7db44) Importer(815301076,1909f56bfc062723c751e8b465ee728b)  -> (artifact id: 'eb2604316ddc862957c2ce2f0160a52b') in 0.003840 seconds 
  Import took 0.010906 seconds .

========================================================================
Received Import Request.
  Time since last request: 14.345888 seconds.
  path: Assets/Animation/Jump.anim
  artifactKey: Guid(fd8ef9af2c2b0f443a61b3bb24b96149) Importer(815301076,1909f56bfc062723c751e8b465ee728b)
Start importing Assets/Animation/Jump.anim using Guid(fd8ef9af2c2b0f443a61b3bb24b96149) Importer(815301076,1909f56bfc062723c751e8b465ee728b)  -> (artifact id: 'd06fef8d2680ff1ead0c8e79e764f62f') in 0.009898 seconds 
  Import took 0.019809 seconds .

========================================================================
Received Import Request.
  Time since last request: 20.371419 seconds.
  path: Assets/Animation/Death.anim
  artifactKey: Guid(dcb28527381588c42b424601c8a51b2d) Importer(815301076,1909f56bfc062723c751e8b465ee728b)
Start importing Assets/Animation/Death.anim using Guid(dcb28527381588c42b424601c8a51b2d) Importer(815301076,1909f56bfc062723c751e8b465ee728b)  -> (artifact id: '29a8a5d5dbffc71a76b901fbfcd97b37') in 0.003690 seconds 
  Import took 0.010904 seconds .

========================================================================
Received Import Request.
  Time since last request: 150.539304 seconds.
  path: Assets/Animation/GameObject.controller
  artifactKey: Guid(1eb6d78d11f46d44b8b335b358c72229) Importer(815301076,1909f56bfc062723c751e8b465ee728b)
Start importing Assets/Animation/GameObject.controller using Guid(1eb6d78d11f46d44b8b335b358c72229) Importer(815301076,1909f56bfc062723c751e8b465ee728b)  -> (artifact id: 'f0632d03cc380b638b1479ee447b9777') in 0.005449 seconds 
  Import took 0.013096 seconds .

========================================================================
Received Import Request.
  Time since last request: 38.284828 seconds.
  path: Assets/Animation/Activate.anim
  artifactKey: Guid(658f25c3dd1e47c4991d36181695e130) Importer(815301076,1909f56bfc062723c751e8b465ee728b)
Start importing Assets/Animation/Activate.anim using Guid(658f25c3dd1e47c4991d36181695e130) Importer(815301076,1909f56bfc062723c751e8b465ee728b)  -> (artifact id: 'fb159a50943941610706e80fa51f81cf') in 0.003918 seconds 
  Import took 0.011595 seconds .

========================================================================
Received Import Request.
  Time since last request: 9.857877 seconds.
  path: Assets/Animation/Deactivate.anim
  artifactKey: Guid(8ae56be5ee53a1b4a88113fa5ca86866) Importer(815301076,1909f56bfc062723c751e8b465ee728b)
Start importing Assets/Animation/Deactivate.anim using Guid(8ae56be5ee53a1b4a88113fa5ca86866) Importer(815301076,1909f56bfc062723c751e8b465ee728b)  -> (artifact id: '65aebd233429971a0435ad790f8573b8') in 0.004403 seconds 
  Import took 0.011556 seconds .

========================================================================
Received Import Request.
  Time since last request: 40.995403 seconds.
  path: Assets/Animation/Bob.controller
  artifactKey: Guid(1eb6d78d11f46d44b8b335b358c72229) Importer(815301076,1909f56bfc062723c751e8b465ee728b)
Start importing Assets/Animation/Bob.controller using Guid(1eb6d78d11f46d44b8b335b358c72229) Importer(815301076,1909f56bfc062723c751e8b465ee728b)  -> (artifact id: 'ba4c548cd7b1c4f7a3116a95b139be07') in 0.005690 seconds 
  Import took 0.015128 seconds .

========================================================================
Received Import Request.
  Time since last request: 47.163244 seconds.
  path: Assets/Animation/Idle.anim
  artifactKey: Guid(afd76275cb69fa543a1c18e0132a29b8) Importer(815301076,1909f56bfc062723c751e8b465ee728b)
Start importing Assets/Animation/Idle.anim using Guid(afd76275cb69fa543a1c18e0132a29b8) Importer(815301076,1909f56bfc062723c751e8b465ee728b)  -> (artifact id: 'f3f948574b67e46f2564bc72415b3442') in 0.005308 seconds 
  Import took 0.011587 seconds .

========================================================================
Received Import Request.
  Time since last request: 5040.230737 seconds.
  path: Assets/Sprites/Exit_UI.png
  artifactKey: Guid(32973d27c1b21af469c18dd9c814a4d9) Importer(815301076,1909f56bfc062723c751e8b465ee728b)
Start importing Assets/Sprites/Exit_UI.png using Guid(32973d27c1b21af469c18dd9c814a4d9) Importer(815301076,1909f56bfc062723c751e8b465ee728b)  -> (artifact id: '6c8edc254cfd2daae04016fe22ba5f14') in 0.103892 seconds 
  Import took 0.154267 seconds .

========================================================================
Received Import Request.
  Time since last request: 0.000364 seconds.
  path: Assets/Sprites/Score_UI.png
  artifactKey: Guid(e4f1e82b464181642963ddc874f1df46) Importer(815301076,1909f56bfc062723c751e8b465ee728b)
Start importing Assets/Sprites/Score_UI.png using Guid(e4f1e82b464181642963ddc874f1df46) Importer(815301076,1909f56bfc062723c751e8b465ee728b)  -> (artifact id: '14213f2b1d10c6ebdcbf94ad91275ba9') in 0.012658 seconds 
  Import took 0.019553 seconds .

========================================================================
Received Import Request.
  Time since last request: 0.000450 seconds.
  path: Assets/Sprites/Restart_UI.png
  artifactKey: Guid(c418d9879b47a9e48959fadf545c2d55) Importer(815301076,1909f56bfc062723c751e8b465ee728b)
Start importing Assets/Sprites/Restart_UI.png using Guid(c418d9879b47a9e48959fadf545c2d55) Importer(815301076,1909f56bfc062723c751e8b465ee728b)  -> (artifact id: '6a0bc4fb9c67af13591ac6d68e761e9a') in 0.012129 seconds 
  Import took 0.018606 seconds .

========================================================================
Received Import Request.
  Time since last request: 0.000514 seconds.
  path: Assets/Sprites/Play_UI.png
  artifactKey: Guid(df22d64f62f7a44459ff678de378ec94) Importer(815301076,1909f56bfc062723c751e8b465ee728b)
Start importing Assets/Sprites/Play_UI.png using Guid(df22d64f62f7a44459ff678de378ec94) Importer(815301076,1909f56bfc062723c751e8b465ee728b)  -> (artifact id: '8807d5372882c14522e8bf376178d6ce') in 0.011996 seconds 
  Import took 0.020556 seconds .

AssetImportWorkerClient::OnTransportError - code=2 error=End of file
